<?xml version="1.0" encoding="UTF-8"?>
<testsuite name="edu.odu.cs350.TestToken" tests="4" skipped="0" failures="0" errors="0" timestamp="2022-04-29T19:11:01" hostname="LAPTOP-TS346CR2" time="0.002">
  <properties/>
  <testcase name="testGetSetWord" classname="edu.odu.cs350.TestToken" time="0.001"/>
  <testcase name="testGetSetFeatureSet" classname="edu.odu.cs350.TestToken" time="0.0"/>
  <testcase name="testToken" classname="edu.odu.cs350.TestToken" time="0.0"/>
  <testcase name="testSetFeatures" classname="edu.odu.cs350.TestToken" time="0.001"/>
  <system-out><![CDATA[]]></system-out>
  <system-err><![CDATA[]]></system-err>
</testsuite>
